<?xml version="1.0" encoding="UTF-8"?>
<!-- Generated by org.testng.reporters.JUnitXMLReporter -->
<testsuite hostname="DESKTOP-J36NF1H" ignored="2" name="Default test" tests="1" failures="0" timestamp="2019-11-15T10:38:40 IST" time="25.393" errors="0">
  <testcase name="customersearch" time="6.256" classname="simple.TC001"/>
  <testcase name="validLoginTest" time="0.0" classname="simple.TC001">
    <ignored/>
  </testcase> <!-- validLoginTest -->
  <testcase name="customerList" time="0.0" classname="simple.TC001">
    <ignored/>
  </testcase> <!-- customerList -->
</testsuite> <!-- Default test -->
